<?xml version="1.0" encoding="UTF-8"?>
<!-- Generated by org.testng.reporters.JUnitReportReporter -->
<testsuite hostname="DESKTOP-6NTQVN6" failures="0" tests="1" name="MAVEN.PROJECT_MANAGER.Pro" time="0.009" errors="0" timestamp="2021-12-12T14:41:10 IST" skipped="0">
  <testcase classname="MAVEN.PROJECT_MANAGER.Pro" name="main_0" time="0.009"/>
  <system-out/>
</testsuite> <!-- MAVEN.PROJECT_MANAGER.Pro -->
