<?xml version="1.0" encoding="UTF-8"?>
<!-- Generated by org.testng.reporters.JUnitReportReporter -->
<testsuite hostname="DESKTOP-6NTQVN6" failures="0" tests="7" name="MAVEN.PROJECT_MANAGER.Annotations" time="0.016" errors="0" timestamp="2021-12-12T14:37:19 IST" skipped="0">
  <testcase classname="MAVEN.PROJECT_MANAGER.Annotations" name="m12test1_g_smoke" time="0.003"/>
  <system-out/>
  <testcase classname="MAVEN.PROJECT_MANAGER.Annotations" name="m11test1_g_regression" time="0.003"/>
  <system-out/>
  <testcase classname="MAVEN.PROJECT_MANAGER.Annotations" name="m10test1_g_smoke" time="0.002"/>
  <system-out/>
  <testcase classname="MAVEN.PROJECT_MANAGER.Annotations" name="m09test1_g_smoke_security" time="0.001"/>
  <system-out/>
  <testcase classname="MAVEN.PROJECT_MANAGER.Annotations" name="m07test1_p1" time="0.003"/>
  <system-out/>
  <testcase classname="MAVEN.PROJECT_MANAGER.Annotations" name="m06test1_p2" time="0.002"/>
  <system-out/>
  <testcase classname="MAVEN.PROJECT_MANAGER.Annotations" name="m08test1_p2" time="0.002"/>
  <system-out/>
</testsuite> <!-- MAVEN.PROJECT_MANAGER.Annotations -->
