<?xml version="1.0" encoding="UTF-8"?>
<!-- Generated by org.testng.reporters.JUnitReportReporter -->
<testsuite hostname="DESKTOP-6NTQVN6" failures="0" tests="7" name="MAVEN.PROJECT_MANAGER.Pro3Test2" time="0.031" errors="0" timestamp="2021-12-12T14:24:50 IST" skipped="0">
  <testcase classname="MAVEN.PROJECT_MANAGER.Pro3Test2" name="m12test1_g_smoke" time="0.005"/>
  <system-out/>
  <testcase classname="MAVEN.PROJECT_MANAGER.Pro3Test2" name="m11test1_g_regression" time="0.004"/>
  <system-out/>
  <testcase classname="MAVEN.PROJECT_MANAGER.Pro3Test2" name="m10test1_g_smoke" time="0.008"/>
  <system-out/>
  <testcase classname="MAVEN.PROJECT_MANAGER.Pro3Test2" name="m09test1_g_smoke_security" time="0.006"/>
  <system-out/>
  <testcase classname="MAVEN.PROJECT_MANAGER.Pro3Test2" name="m07test1_p1" time="0.002"/>
  <system-out/>
  <testcase classname="MAVEN.PROJECT_MANAGER.Pro3Test2" name="m06test1_p2" time="0.002"/>
  <system-out/>
  <testcase classname="MAVEN.PROJECT_MANAGER.Pro3Test2" name="m08test1_p2" time="0.004"/>
  <system-out/>
</testsuite> <!-- MAVEN.PROJECT_MANAGER.Pro3Test2 -->
