<?xml version="1.0" encoding="UTF-8"?>
<!-- Generated by org.testng.reporters.JUnitReportReporter -->
<testsuite hostname="DESKTOP-6NTQVN6" failures="0" tests="1" name="MAVEN.PROJECT_MANAGER.Pro2Test" time="0.004" errors="0" timestamp="2021-12-12T13:35:58 IST" skipped="0">
  <testcase classname="MAVEN.PROJECT_MANAGER.Pro2Test" name="main_2" time="0.004"/>
  <system-out/>
</testsuite> <!-- MAVEN.PROJECT_MANAGER.Pro2Test -->
