<?xml version="1.0" encoding="UTF-8"?>
<!-- Generated by org.testng.reporters.JUnitReportReporter -->
<testsuite hostname="DESKTOP-6NTQVN6" failures="0" tests="1" name="MAVEN.PROJECT_MANAGER.Pro3Test" time="0.005" errors="0" timestamp="2021-12-12T14:37:19 IST" skipped="0">
  <testcase classname="MAVEN.PROJECT_MANAGER.Pro3Test" name="main_3" time="0.005"/>
  <system-out/>
</testsuite> <!-- MAVEN.PROJECT_MANAGER.Pro3Test -->
