<?xml version="1.0" encoding="UTF-8"?>
<!-- Generated by org.testng.reporters.JUnitReportReporter -->
<testsuite skipped="0" hostname="DESKTOP-6NTQVN6" name="MAVEN.PROJECT_MANAGER.Annotations" tests="7" failures="0" timestamp="2021-12-14T23:21:06 IST" time="0.020" errors="0">
  <testcase name="m10test1_g_smoke" time="0.000" classname="MAVEN.PROJECT_MANAGER.Annotations"/>
  <system-out/>
  <testcase name="m12test1_g_smoke" time="0.002" classname="MAVEN.PROJECT_MANAGER.Annotations"/>
  <system-out/>
  <testcase name="m11test1_g_regression" time="0.009" classname="MAVEN.PROJECT_MANAGER.Annotations"/>
  <system-out/>
  <testcase name="m09test1_g_smoke_security" time="0.008" classname="MAVEN.PROJECT_MANAGER.Annotations"/>
  <system-out/>
  <testcase name="m07test1_p1" time="0.001" classname="MAVEN.PROJECT_MANAGER.Annotations"/>
  <system-out/>
  <testcase name="m06test1_p2" time="0.000" classname="MAVEN.PROJECT_MANAGER.Annotations"/>
  <system-out/>
  <testcase name="m08test1_p2" time="0.000" classname="MAVEN.PROJECT_MANAGER.Annotations"/>
  <system-out/>
</testsuite> <!-- MAVEN.PROJECT_MANAGER.Annotations -->
