<?xml version="1.0" encoding="UTF-8"?>
<!-- Generated by org.testng.reporters.JUnitReportReporter -->
<testsuite skipped="0" hostname="DESKTOP-6NTQVN6" name="MAVEN.PROJECT_MANAGER.Pro3Test" tests="1" failures="0" timestamp="2021-12-14T23:03:20 IST" time="0.000" errors="0">
  <testcase name="main_3" time="0.000" classname="MAVEN.PROJECT_MANAGER.Pro3Test"/>
  <system-out/>
</testsuite> <!-- MAVEN.PROJECT_MANAGER.Pro3Test -->
